<?xml version="1.0" encoding="UTF-8"?>
<!-- Generated by org.testng.reporters.JUnitXMLReporter -->
<testsuite ignored="0" hostname="HbpSoft" failures="0" tests="2" name="Default test" time="2.065" errors="0" timestamp="2024-03-20T09:32:39 IST">
  <testcase classname="com.test.DockerStatusTest.SignificantSection_Docker" name="pingWeb" time="0.067"/>
  <testcase classname="com.test.DockerStatusTest.SignificantSection_Docker" name="containerStatus" time="1.978"/>
</testsuite> <!-- Default test -->
