<?xml version="1.0" encoding="UTF-8"?>
<testng-results ignored="0" total="1" passed="1" failed="0" skipped="0">
  <reporter-output>
  </reporter-output>
  <suite started-at="2024-03-20T10:34:56 IST" name="Default suite" finished-at="2024-03-20T10:34:59 IST" duration-ms="2508">
    <groups>
    </groups>
    <test started-at="2024-03-20T10:34:56 IST" name="Default test" finished-at="2024-03-20T10:34:59 IST" duration-ms="2508">
      <class name="com.test.DockerStatusTest.public_significantsection_Docker">
        <test-method signature="SignificantProcess_Status()[pri:1, instance:com.test.DockerStatusTest.public_significantsection_Docker@7fee8714]" started-at="2024-03-20T10:34:56 IST" name="SignificantProcess_Status" finished-at="2024-03-20T10:34:59 IST" duration-ms="2487" status="PASS">
          <reporter-output>
          </reporter-output>
        </test-method> <!-- SignificantProcess_Status -->
      </class> <!-- com.test.DockerStatusTest.public_significantsection_Docker -->
    </test> <!-- Default test -->
  </suite> <!-- Default suite -->
</testng-results>
